Determining if the pthread_create exist failed with the following output:
Change Dir: /home/pc/catkin_ws/build/CMakeFiles/CMakeTmp

Run Build Command:"/usr/bin/make" "cmTC_dfe83/fast"
/usr/bin/make -f CMakeFiles/cmTC_dfe83.dir/build.make CMakeFiles/cmTC_dfe83.dir/build
make[1]: Entering directory '/home/pc/catkin_ws/build/CMakeFiles/CMakeTmp'
Building C object CMakeFiles/cmTC_dfe83.dir/CheckSymbolExists.c.o
/usr/bin/cc     -o CMakeFiles/cmTC_dfe83.dir/CheckSymbolExists.c.o   -c /home/pc/catkin_ws/build/CMakeFiles/CMakeTmp/CheckSymbolExists.c
Linking C executable cmTC_dfe83
/usr/bin/cmake -E cmake_link_script CMakeFiles/cmTC_dfe83.dir/link.txt --verbose=1
/usr/bin/cc       CMakeFiles/cmTC_dfe83.dir/CheckSymbolExists.c.o  -o cmTC_dfe83 -rdynamic 
CMakeFiles/cmTC_dfe83.dir/CheckSymbolExists.c.o: In function `main':
CheckSymbolExists.c:(.text+0x16): undefined reference to `pthread_create'
collect2: error: ld returned 1 exit status
CMakeFiles/cmTC_dfe83.dir/build.make:97: recipe for target 'cmTC_dfe83' failed
make[1]: *** [cmTC_dfe83] Error 1
make[1]: Leaving directory '/home/pc/catkin_ws/build/CMakeFiles/CMakeTmp'
Makefile:126: recipe for target 'cmTC_dfe83/fast' failed
make: *** [cmTC_dfe83/fast] Error 2

File /home/pc/catkin_ws/build/CMakeFiles/CMakeTmp/CheckSymbolExists.c:
/* */
#include <pthread.h>

int main(int argc, char** argv)
{
  (void)argv;
#ifndef pthread_create
  return ((int*)(&pthread_create))[argc];
#else
  (void)argc;
  return 0;
#endif
}

Determining if the function pthread_create exists in the pthreads failed with the following output:
Change Dir: /home/pc/catkin_ws/build/CMakeFiles/CMakeTmp

Run Build Command:"/usr/bin/make" "cmTC_3045c/fast"
/usr/bin/make -f CMakeFiles/cmTC_3045c.dir/build.make CMakeFiles/cmTC_3045c.dir/build
make[1]: Entering directory '/home/pc/catkin_ws/build/CMakeFiles/CMakeTmp'
Building C object CMakeFiles/cmTC_3045c.dir/CheckFunctionExists.c.o
/usr/bin/cc    -DCHECK_FUNCTION_EXISTS=pthread_create   -o CMakeFiles/cmTC_3045c.dir/CheckFunctionExists.c.o   -c /usr/share/cmake-3.5/Modules/CheckFunctionExists.c
Linking C executable cmTC_3045c
/usr/bin/cmake -E cmake_link_script CMakeFiles/cmTC_3045c.dir/link.txt --verbose=1
/usr/bin/cc   -DCHECK_FUNCTION_EXISTS=pthread_create    CMakeFiles/cmTC_3045c.dir/CheckFunctionExists.c.o  -o cmTC_3045c -rdynamic -lpthreads 
/usr/bin/ld: cannot find -lpthreads
collect2: error: ld returned 1 exit status
CMakeFiles/cmTC_3045c.dir/build.make:97: recipe for target 'cmTC_3045c' failed
make[1]: *** [cmTC_3045c] Error 1
make[1]: Leaving directory '/home/pc/catkin_ws/build/CMakeFiles/CMakeTmp'
Makefile:126: recipe for target 'cmTC_3045c/fast' failed
make: *** [cmTC_3045c/fast] Error 2


Determining if the Q_WS_WIN exist failed with the following output:
Change Dir: /home/pc/catkin_ws/build/CMakeFiles/CMakeTmp

Run Build Command:"/usr/bin/make" "cmTC_9a3d0/fast"
/usr/bin/make -f CMakeFiles/cmTC_9a3d0.dir/build.make CMakeFiles/cmTC_9a3d0.dir/build
make[1]: Entering directory '/home/pc/catkin_ws/build/CMakeFiles/CMakeTmp'
Building CXX object CMakeFiles/cmTC_9a3d0.dir/CheckSymbolExists.cxx.o
/usr/bin/c++    -I/usr/include/qt4   -o CMakeFiles/cmTC_9a3d0.dir/CheckSymbolExists.cxx.o -c /home/pc/catkin_ws/build/CMakeFiles/CMakeTmp/CheckSymbolExists.cxx
/home/pc/catkin_ws/build/CMakeFiles/CMakeTmp/CheckSymbolExists.cxx: In function ‘int main(int, char**)’:
/home/pc/catkin_ws/build/CMakeFiles/CMakeTmp/CheckSymbolExists.cxx:8:19: error: ‘Q_WS_WIN’ was not declared in this scope
   return ((int*)(&Q_WS_WIN))[argc];
                   ^
CMakeFiles/cmTC_9a3d0.dir/build.make:65: recipe for target 'CMakeFiles/cmTC_9a3d0.dir/CheckSymbolExists.cxx.o' failed
make[1]: *** [CMakeFiles/cmTC_9a3d0.dir/CheckSymbolExists.cxx.o] Error 1
make[1]: Leaving directory '/home/pc/catkin_ws/build/CMakeFiles/CMakeTmp'
Makefile:126: recipe for target 'cmTC_9a3d0/fast' failed
make: *** [cmTC_9a3d0/fast] Error 2

File /home/pc/catkin_ws/build/CMakeFiles/CMakeTmp/CheckSymbolExists.cxx:
/* */
#include <QtCore/qglobal.h>

int main(int argc, char** argv)
{
  (void)argv;
#ifndef Q_WS_WIN
  return ((int*)(&Q_WS_WIN))[argc];
#else
  (void)argc;
  return 0;
#endif
}

Determining if the Q_WS_QWS exist failed with the following output:
Change Dir: /home/pc/catkin_ws/build/CMakeFiles/CMakeTmp

Run Build Command:"/usr/bin/make" "cmTC_7c606/fast"
/usr/bin/make -f CMakeFiles/cmTC_7c606.dir/build.make CMakeFiles/cmTC_7c606.dir/build
make[1]: Entering directory '/home/pc/catkin_ws/build/CMakeFiles/CMakeTmp'
Building CXX object CMakeFiles/cmTC_7c606.dir/CheckSymbolExists.cxx.o
/usr/bin/c++    -I/usr/include/qt4   -o CMakeFiles/cmTC_7c606.dir/CheckSymbolExists.cxx.o -c /home/pc/catkin_ws/build/CMakeFiles/CMakeTmp/CheckSymbolExists.cxx
/home/pc/catkin_ws/build/CMakeFiles/CMakeTmp/CheckSymbolExists.cxx: In function ‘int main(int, char**)’:
/home/pc/catkin_ws/build/CMakeFiles/CMakeTmp/CheckSymbolExists.cxx:8:19: error: ‘Q_WS_QWS’ was not declared in this scope
   return ((int*)(&Q_WS_QWS))[argc];
                   ^
CMakeFiles/cmTC_7c606.dir/build.make:65: recipe for target 'CMakeFiles/cmTC_7c606.dir/CheckSymbolExists.cxx.o' failed
make[1]: *** [CMakeFiles/cmTC_7c606.dir/CheckSymbolExists.cxx.o] Error 1
make[1]: Leaving directory '/home/pc/catkin_ws/build/CMakeFiles/CMakeTmp'
Makefile:126: recipe for target 'cmTC_7c606/fast' failed
make: *** [cmTC_7c606/fast] Error 2

File /home/pc/catkin_ws/build/CMakeFiles/CMakeTmp/CheckSymbolExists.cxx:
/* */
#include <QtCore/qglobal.h>

int main(int argc, char** argv)
{
  (void)argv;
#ifndef Q_WS_QWS
  return ((int*)(&Q_WS_QWS))[argc];
#else
  (void)argc;
  return 0;
#endif
}

Determining if the Q_WS_MAC exist failed with the following output:
Change Dir: /home/pc/catkin_ws/build/CMakeFiles/CMakeTmp

Run Build Command:"/usr/bin/make" "cmTC_feb07/fast"
/usr/bin/make -f CMakeFiles/cmTC_feb07.dir/build.make CMakeFiles/cmTC_feb07.dir/build
make[1]: Entering directory '/home/pc/catkin_ws/build/CMakeFiles/CMakeTmp'
Building CXX object CMakeFiles/cmTC_feb07.dir/CheckSymbolExists.cxx.o
/usr/bin/c++    -I/usr/include/qt4   -o CMakeFiles/cmTC_feb07.dir/CheckSymbolExists.cxx.o -c /home/pc/catkin_ws/build/CMakeFiles/CMakeTmp/CheckSymbolExists.cxx
/home/pc/catkin_ws/build/CMakeFiles/CMakeTmp/CheckSymbolExists.cxx: In function ‘int main(int, char**)’:
/home/pc/catkin_ws/build/CMakeFiles/CMakeTmp/CheckSymbolExists.cxx:8:19: error: ‘Q_WS_MAC’ was not declared in this scope
   return ((int*)(&Q_WS_MAC))[argc];
                   ^
CMakeFiles/cmTC_feb07.dir/build.make:65: recipe for target 'CMakeFiles/cmTC_feb07.dir/CheckSymbolExists.cxx.o' failed
make[1]: *** [CMakeFiles/cmTC_feb07.dir/CheckSymbolExists.cxx.o] Error 1
make[1]: Leaving directory '/home/pc/catkin_ws/build/CMakeFiles/CMakeTmp'
Makefile:126: recipe for target 'cmTC_feb07/fast' failed
make: *** [cmTC_feb07/fast] Error 2

File /home/pc/catkin_ws/build/CMakeFiles/CMakeTmp/CheckSymbolExists.cxx:
/* */
#include <QtCore/qglobal.h>

int main(int argc, char** argv)
{
  (void)argv;
#ifndef Q_WS_MAC
  return ((int*)(&Q_WS_MAC))[argc];
#else
  (void)argc;
  return 0;
#endif
}

